{"C:\\Users\\Iz Young\\OneDrive\\Desktop\\coding\\zeuscast\\src\\constants\\copy.ts": {"path":"C:\\Users\\Iz Young\\OneDrive\\Desktop\\coding\\zeuscast\\src\\constants\\copy.ts","statementMap":{"0":{"start":{"line":2,"column":0},"end":{"line":6,"column":1}},"1":{"start":{"line":3,"column":19},"end":{"line":3,"column":42}},"2":{"start":{"line":5,"column":19},"end":{"line":5,"column":21}},"3":{"start":{"line":11,"column":13},"end":{"line":14,"column":2}},"4":{"start":{"line":16,"column":13},"end":{"line":21,"column":null}}},"fnMap":{},"branchMap":{"0":{"loc":{"start":{"line":2,"column":0},"end":{"line":6,"column":1}},"type":"if","locations":[{"start":{"line":2,"column":0},"end":{"line":6,"column":1}},{"start":{"line":4,"column":7},"end":{"line":6,"column":1}}]}},"s":{"0":1,"1":0,"2":1,"3":1,"4":1},"f":{},"b":{"0":[0,1]}}
,"C:\\Users\\Iz Young\\OneDrive\\Desktop\\coding\\zeuscast\\src\\constants\\weatherDescriptions.ts": {"path":"C:\\Users\\Iz Young\\OneDrive\\Desktop\\coding\\zeuscast\\src\\constants\\weatherDescriptions.ts","statementMap":{"0":{"start":{"line":1,"column":13},"end":{"line":114,"column":2}},"1":{"start":{"line":116,"column":13},"end":{"line":145,"column":2}}},"fnMap":{},"branchMap":{},"s":{"0":1,"1":1},"f":{},"b":{}}
,"C:\\Users\\Iz Young\\OneDrive\\Desktop\\coding\\zeuscast\\src\\pages\\index.ts": {"path":"C:\\Users\\Iz Young\\OneDrive\\Desktop\\coding\\zeuscast\\src\\pages\\index.ts","statementMap":{"0":{"start":{"line":1,"column":0},"end":{"line":1,"column":31}}},"fnMap":{},"branchMap":{},"s":{"0":0},"f":{},"b":{}}
,"C:\\Users\\Iz Young\\OneDrive\\Desktop\\coding\\zeuscast\\src\\routes\\Router.tsx": {"path":"C:\\Users\\Iz Young\\OneDrive\\Desktop\\coding\\zeuscast\\src\\routes\\Router.tsx","statementMap":{"0":{"start":{"line":1,"column":0},"end":{"line":1,"column":50}},"1":{"start":{"line":2,"column":0},"end":{"line":2,"column":55}},"2":{"start":{"line":3,"column":0},"end":{"line":3,"column":28}},"3":{"start":{"line":5,"column":17},"end":{"line":5,"column":52}},"4":{"start":{"line":5,"column":27},"end":{"line":5,"column":51}},"5":{"start":{"line":14,"column":27},"end":{"line":14,"column":43}},"6":{"start":{"line":16,"column":24},"end":{"line":19,"column":null}},"7":{"start":{"line":17,"column":4},"end":{"line":18,"column":null}},"8":{"start":{"line":22,"column":22},"end":{"line":27,"column":null}},"9":{"start":{"line":29,"column":0},"end":{"line":29,"column":43}}},"fnMap":{"0":{"name":"(anonymous_0)","decl":{"start":{"line":5,"column":22},"end":{"line":5,"column":25}},"loc":{"start":{"line":5,"column":27},"end":{"line":5,"column":51}}},"1":{"name":"(anonymous_1)","decl":{"start":{"line":5,"column":27},"end":{"line":5,"column":35}},"loc":{"start":{"line":5,"column":27},"end":{"line":5,"column":51}}},"2":{"name":"(anonymous_2)","decl":{"start":{"line":16,"column":24},"end":{"line":16,"column":25}},"loc":{"start":{"line":17,"column":4},"end":{"line":18,"column":null}}}},"branchMap":{},"s":{"0":0,"1":0,"2":0,"3":0,"4":0,"5":0,"6":0,"7":0,"8":0,"9":0},"f":{"0":0,"1":0,"2":0},"b":{}}
,"C:\\Users\\Iz Young\\OneDrive\\Desktop\\coding\\zeuscast\\src\\routes\\paths.ts": {"path":"C:\\Users\\Iz Young\\OneDrive\\Desktop\\coding\\zeuscast\\src\\routes\\paths.ts","statementMap":{"0":{"start":{"line":7,"column":0},"end":{"line":9,"column":11}}},"fnMap":{},"branchMap":{},"s":{"0":0},"f":{},"b":{}}
,"C:\\Users\\Iz Young\\OneDrive\\Desktop\\coding\\zeuscast\\src\\store\\index.ts": {"path":"C:\\Users\\Iz Young\\OneDrive\\Desktop\\coding\\zeuscast\\src\\store\\index.ts","statementMap":{"0":{"start":{"line":1,"column":0},"end":{"line":1,"column":67}},"1":{"start":{"line":2,"column":0},"end":{"line":2,"column":61}},"2":{"start":{"line":8,"column":20},"end":{"line":10,"column":2}},"3":{"start":{"line":12,"column":14},"end":{"line":14,"column":2}},"4":{"start":{"line":16,"column":0},"end":{"line":16,"column":21}}},"fnMap":{},"branchMap":{},"s":{"0":0,"1":0,"2":0,"3":0,"4":0},"f":{},"b":{}}
,"C:\\Users\\Iz Young\\OneDrive\\Desktop\\coding\\zeuscast\\src\\store\\reducers\\appReducer.ts": {"path":"C:\\Users\\Iz Young\\OneDrive\\Desktop\\coding\\zeuscast\\src\\store\\reducers\\appReducer.ts","statementMap":{"0":{"start":{"line":1,"column":0},"end":{"line":1,"column":62}},"1":{"start":{"line":7,"column":32},"end":{"line":9,"column":2}},"2":{"start":{"line":11,"column":13},"end":{"line":19,"column":null}},"3":{"start":{"line":16,"column":12},"end":{"line":16,"column":35}},"4":{"start":{"line":21,"column":15},"end":{"line":21,"column":50}}},"fnMap":{"0":{"name":"(anonymous_0)","decl":{"start":{"line":15,"column":21},"end":{"line":15,"column":22}},"loc":{"start":{"line":15,"column":59},"end":{"line":17,"column":9}}}},"branchMap":{},"s":{"0":0,"1":0,"2":0,"3":0,"4":0},"f":{"0":0},"b":{}}
,"C:\\Users\\Iz Young\\OneDrive\\Desktop\\coding\\zeuscast\\src\\types\\index.ts": {"path":"C:\\Users\\Iz Young\\OneDrive\\Desktop\\coding\\zeuscast\\src\\types\\index.ts","statementMap":{"0":{"start":{"line":1,"column":0},"end":{"line":1,"column":24}}},"fnMap":{},"branchMap":{},"s":{"0":0},"f":{},"b":{}}
}
